Arguments: 
  /home/aparna/.nvm/versions/node/v10.16.0/bin/node /usr/share/yarn/bin/yarn.js install

PATH: 
  /home/aparna/.linuxbrew/bin:/home/aparna/.nvm/versions/node/v10.16.0/bin:/home/aparna/.linuxbrew/bin:/usr/local/sbin:/usr/local/bin:/usr/sbin:/usr/bin:/sbin:/bin:/usr/games:/usr/local/games:/snap/bin:/home/aparna/Go:/home/aparna/Go/bin:/home/aparna/Go:/home/aparna/Go/bin

Yarn version: 
  1.16.0

Node version: 
  10.16.0

Platform: 
  linux x64

Trace: 
  SyntaxError: /home/aparna/Projects/talonOne/package.json: Unexpected token } in JSON at position 187
      at JSON.parse (<anonymous>)
      at /usr/share/yarn/lib/cli.js:1625:59
      at Generator.next (<anonymous>)
      at step (/usr/share/yarn/lib/cli.js:304:30)
      at /usr/share/yarn/lib/cli.js:315:13

npm manifest: 
  {
    "name": "postManagement",
    "version": "1.0.0",
    "description": "",
    "private": true,
    "scripts": {
      "start:dev": "webpack-dev-server --config webpack.dev.js --host 0.0.0.0",
    },
    "keywords": [],
    "author": "",
    "license": "ISC",
    "devDependencies": {
      "@babel/core": "^7.1.6",
      "@babel/preset-env": "^7.1.6",
      "@babel/preset-react": "^7.0.0",
      "babel-loader": "^8.0.4",
      "clean-webpack-plugin": "^1.0.0",
      "css-loader": "^1.0.1",
      "express": "^4.16.4",
      "file-loader": "^2.0.0",
      "html-webpack-plugin": "^3.2.0",
      "mini-css-extract-plugin": "^0.4.4",
      "node-sass": "^4.10.0",
      "path": "^0.12.7",
      "postcss-loader": "^3.0.0",
      "sass-loader": "^7.1.0",
      "style-loader": "^0.23.1",
      "webpack-cli": "^3.1.2",
      "webpack-dev-middleware": "^3.4.0",
      "webpack-dev-server": "^3.1.10",
      "webpack-merge": "^4.1.4"
    },
    "dependencies": {
      "compression-webpack-plugin": "^1.1.0",
      "react": "^16.6.3",
      "react-dom": "^16.6.3",
      "react-js-pagination": "^3.0.2",
      "webpack": "^4.6.0"
    }
  }

yarn manifest: 
  No manifest

Lockfile: 
  No lockfile
